/root/miniconda3/lib/python3.12/site-packages/huggingface_hub/file_download.py:949: FutureWarning: `resume_download` is deprecated and will be removed in version 1.0.0. Downloads always resume when possible. If you want to force a new download, use `force_download=True`.
  warnings.warn(
🔥 [指挥部介入] 正在从真实的 Parquet 矿脉中构建全局词表...
✅ 词表重塑完毕！(模型不再是文盲！)
Loading data from parquet files: ['/root/autodl-tmp/project/data/raw/scienceqa_full/data/train-full.parquet']
Loading data from parquet files: ['/root/autodl-tmp/project/data/raw/scienceqa_full/data/test-full.parquet']
Loading data from parquet files: ['/root/autodl-tmp/project/data/raw/scienceqa_full/data/test-full.parquet']
[2026-02-25 18:19:05] Running dummy_scienceqa/liquid_real_train on device=cuda
[2026-02-25 18:19:08] [dummy_scienceqa/liquid_real_train] epoch=1 step=20 loss=10.0754 acc=0.3937
[2026-02-25 18:19:11] [dummy_scienceqa/liquid_real_train] epoch=1 step=40 loss=11.3929 acc=0.4000
[2026-02-25 18:19:14] [dummy_scienceqa/liquid_real_train] epoch=1 step=60 loss=11.5467 acc=0.4146
[2026-02-25 18:19:17] [dummy_scienceqa/liquid_real_train] epoch=1 step=80 loss=11.5434 acc=0.4203
[2026-02-25 18:19:20] [dummy_scienceqa/liquid_real_train] epoch=1 step=100 loss=11.6546 acc=0.4225
[2026-02-25 18:19:23] [dummy_scienceqa/liquid_real_train] epoch=1 step=120 loss=11.5740 acc=0.4161
[2026-02-25 18:19:26] [dummy_scienceqa/liquid_real_train] epoch=1 step=140 loss=11.7934 acc=0.4129
[2026-02-25 18:19:29] [dummy_scienceqa/liquid_real_train] epoch=1 step=160 loss=11.6604 acc=0.4137
[2026-02-25 18:19:32] [dummy_scienceqa/liquid_real_train] epoch=1 step=180 loss=11.4830 acc=0.4205
[2026-02-25 18:19:34] [dummy_scienceqa/liquid_real_train] epoch=1 step=200 loss=11.2983 acc=0.4234
[2026-02-25 18:19:37] [dummy_scienceqa/liquid_real_train] epoch=1 step=220 loss=11.1258 acc=0.4222
[2026-02-25 18:19:41] [dummy_scienceqa/liquid_real_train] epoch=1 step=240 loss=10.8678 acc=0.4224
[2026-02-25 18:19:44] [dummy_scienceqa/liquid_real_train] epoch=1 step=260 loss=10.7432 acc=0.4226
[2026-02-25 18:19:47] [dummy_scienceqa/liquid_real_train] epoch=1 step=280 loss=10.6391 acc=0.4246
[2026-02-25 18:19:50] [dummy_scienceqa/liquid_real_train] epoch=1 step=300 loss=10.3722 acc=0.4267
[2026-02-25 18:19:53] [dummy_scienceqa/liquid_real_train] epoch=1 step=320 loss=10.1330 acc=0.4275
[2026-02-25 18:19:56] [dummy_scienceqa/liquid_real_train] epoch=1 step=340 loss=9.9646 acc=0.4296
[2026-02-25 18:19:59] [dummy_scienceqa/liquid_real_train] epoch=1 step=360 loss=9.6999 acc=0.4363
[2026-02-25 18:20:02] [dummy_scienceqa/liquid_real_train] epoch=1 step=380 loss=9.5474 acc=0.4385
[2026-02-25 18:20:05] [dummy_scienceqa/liquid_real_train] epoch=1 step=400 loss=9.3778 acc=0.4377
[2026-02-25 18:20:08] [dummy_scienceqa/liquid_real_train] epoch=1 step=420 loss=9.1264 acc=0.4406
[2026-02-25 18:20:11] [dummy_scienceqa/liquid_real_train] epoch=1 step=440 loss=8.8829 acc=0.4419
[2026-02-25 18:20:14] [dummy_scienceqa/liquid_real_train] epoch=1 step=460 loss=8.6826 acc=0.4443
[2026-02-25 18:20:17] [dummy_scienceqa/liquid_real_train] epoch=1 step=480 loss=8.4757 acc=0.4453
[2026-02-25 18:20:20] [dummy_scienceqa/liquid_real_train] epoch=1 step=500 loss=8.2758 acc=0.4484
[2026-02-25 18:20:23] [dummy_scienceqa/liquid_real_train] epoch=1 step=520 loss=8.0740 acc=0.4511
[2026-02-25 18:20:26] [dummy_scienceqa/liquid_real_train] epoch=1 step=540 loss=7.8942 acc=0.4521
[2026-02-25 18:20:29] [dummy_scienceqa/liquid_real_train] epoch=1 step=560 loss=7.7057 acc=0.4535
[2026-02-25 18:20:32] [dummy_scienceqa/liquid_real_train] epoch=1 step=580 loss=7.5164 acc=0.4567
[2026-02-25 18:20:35] [dummy_scienceqa/liquid_real_train] epoch=1 step=600 loss=7.3412 acc=0.4587
[2026-02-25 18:20:38] [dummy_scienceqa/liquid_real_train] epoch=1 step=620 loss=7.1625 acc=0.4616
[2026-02-25 18:20:42] [dummy_scienceqa/liquid_real_train] epoch=1 step=640 loss=6.9986 acc=0.4628
[2026-02-25 18:20:45] [dummy_scienceqa/liquid_real_train] epoch=1 step=660 loss=6.8373 acc=0.4643
[2026-02-25 18:20:48] [dummy_scienceqa/liquid_real_train] epoch=1 step=680 loss=6.6774 acc=0.4676
[2026-02-25 18:20:51] [dummy_scienceqa/liquid_real_train] epoch=1 step=700 loss=6.5368 acc=0.4703
[2026-02-25 18:20:54] [dummy_scienceqa/liquid_real_train] epoch=1 step=720 loss=6.3932 acc=0.4733
[2026-02-25 18:20:58] [dummy_scienceqa/liquid_real_train] epoch=1 step=740 loss=6.2638 acc=0.4737
[2026-02-25 18:21:01] [dummy_scienceqa/liquid_real_train] epoch=1 step=760 loss=6.1346 acc=0.4766
[2026-02-25 18:21:04] [dummy_scienceqa/liquid_real_train] epoch=1 step=780 loss=6.0139 acc=0.4780
[2026-02-25 18:21:42] [dummy_scienceqa/liquid_real_train] epoch=2 step=20 loss=1.2597 acc=0.6156
[2026-02-25 18:21:45] [dummy_scienceqa/liquid_real_train] epoch=2 step=40 loss=1.2487 acc=0.6219
[2026-02-25 18:21:48] [dummy_scienceqa/liquid_real_train] epoch=2 step=60 loss=1.0806 acc=0.6427
[2026-02-25 18:21:51] [dummy_scienceqa/liquid_real_train] epoch=2 step=80 loss=1.0953 acc=0.6539
[2026-02-25 18:21:54] [dummy_scienceqa/liquid_real_train] epoch=2 step=100 loss=1.0968 acc=0.6494
[2026-02-25 18:21:57] [dummy_scienceqa/liquid_real_train] epoch=2 step=120 loss=1.0848 acc=0.6443
[2026-02-25 18:22:00] [dummy_scienceqa/liquid_real_train] epoch=2 step=140 loss=1.0733 acc=0.6451
[2026-02-25 18:22:03] [dummy_scienceqa/liquid_real_train] epoch=2 step=160 loss=1.0630 acc=0.6461
[2026-02-25 18:22:06] [dummy_scienceqa/liquid_real_train] epoch=2 step=180 loss=1.0611 acc=0.6465
[2026-02-25 18:22:09] [dummy_scienceqa/liquid_real_train] epoch=2 step=200 loss=1.0406 acc=0.6519
[2026-02-25 18:22:12] [dummy_scienceqa/liquid_real_train] epoch=2 step=220 loss=1.0284 acc=0.6557
[2026-02-25 18:22:15] [dummy_scienceqa/liquid_real_train] epoch=2 step=240 loss=1.0256 acc=0.6547
[2026-02-25 18:22:18] [dummy_scienceqa/liquid_real_train] epoch=2 step=260 loss=1.0185 acc=0.6548
[2026-02-25 18:22:21] [dummy_scienceqa/liquid_real_train] epoch=2 step=280 loss=1.0046 acc=0.6569
[2026-02-25 18:22:24] [dummy_scienceqa/liquid_real_train] epoch=2 step=300 loss=1.0010 acc=0.6554
[2026-02-25 18:22:26] [dummy_scienceqa/liquid_real_train] epoch=2 step=320 loss=1.0002 acc=0.6531
[2026-02-25 18:22:29] [dummy_scienceqa/liquid_real_train] epoch=2 step=340 loss=0.9933 acc=0.6533
[2026-02-25 18:22:32] [dummy_scienceqa/liquid_real_train] epoch=2 step=360 loss=0.9936 acc=0.6505
[2026-02-25 18:22:35] [dummy_scienceqa/liquid_real_train] epoch=2 step=380 loss=0.9862 acc=0.6505
[2026-02-25 18:22:38] [dummy_scienceqa/liquid_real_train] epoch=2 step=400 loss=0.9843 acc=0.6503
[2026-02-25 18:22:41] [dummy_scienceqa/liquid_real_train] epoch=2 step=420 loss=0.9751 acc=0.6506
[2026-02-25 18:22:44] [dummy_scienceqa/liquid_real_train] epoch=2 step=440 loss=0.9730 acc=0.6520
[2026-02-25 18:22:47] [dummy_scienceqa/liquid_real_train] epoch=2 step=460 loss=0.9781 acc=0.6493
[2026-02-25 18:22:49] [dummy_scienceqa/liquid_real_train] epoch=2 step=480 loss=0.9717 acc=0.6510
[2026-02-25 18:22:52] [dummy_scienceqa/liquid_real_train] epoch=2 step=500 loss=0.9634 acc=0.6544
[2026-02-25 18:22:55] [dummy_scienceqa/liquid_real_train] epoch=2 step=520 loss=0.9590 acc=0.6552
[2026-02-25 18:22:58] [dummy_scienceqa/liquid_real_train] epoch=2 step=540 loss=0.9581 acc=0.6532
[2026-02-25 18:23:01] [dummy_scienceqa/liquid_real_train] epoch=2 step=560 loss=0.9524 acc=0.6545
[2026-02-25 18:23:04] [dummy_scienceqa/liquid_real_train] epoch=2 step=580 loss=0.9483 acc=0.6550
[2026-02-25 18:23:07] [dummy_scienceqa/liquid_real_train] epoch=2 step=600 loss=0.9448 acc=0.6566
[2026-02-25 18:23:11] [dummy_scienceqa/liquid_real_train] epoch=2 step=620 loss=0.9372 acc=0.6562
[2026-02-25 18:23:14] [dummy_scienceqa/liquid_real_train] epoch=2 step=640 loss=0.9352 acc=0.6551
[2026-02-25 18:23:17] [dummy_scienceqa/liquid_real_train] epoch=2 step=660 loss=0.9311 acc=0.6550
[2026-02-25 18:23:19] [dummy_scienceqa/liquid_real_train] epoch=2 step=680 loss=0.9271 acc=0.6557
[2026-02-25 18:23:23] [dummy_scienceqa/liquid_real_train] epoch=2 step=700 loss=0.9275 acc=0.6557
[2026-02-25 18:23:26] [dummy_scienceqa/liquid_real_train] epoch=2 step=720 loss=0.9263 acc=0.6564
[2026-02-25 18:23:29] [dummy_scienceqa/liquid_real_train] epoch=2 step=740 loss=0.9221 acc=0.6578
[2026-02-25 18:23:32] [dummy_scienceqa/liquid_real_train] epoch=2 step=760 loss=0.9187 acc=0.6582
[2026-02-25 18:23:35] [dummy_scienceqa/liquid_real_train] epoch=2 step=780 loss=0.9129 acc=0.6599
[2026-02-25 18:24:13] [dummy_scienceqa/liquid_real_train] epoch=3 step=20 loss=0.5846 acc=0.7812
[2026-02-25 18:24:16] [dummy_scienceqa/liquid_real_train] epoch=3 step=40 loss=0.5723 acc=0.7781
[2026-02-25 18:24:19] [dummy_scienceqa/liquid_real_train] epoch=3 step=60 loss=0.5936 acc=0.7771
[2026-02-25 18:24:22] [dummy_scienceqa/liquid_real_train] epoch=3 step=80 loss=0.5842 acc=0.7766
[2026-02-25 18:24:25] [dummy_scienceqa/liquid_real_train] epoch=3 step=100 loss=0.5796 acc=0.7806
[2026-02-25 18:24:28] [dummy_scienceqa/liquid_real_train] epoch=3 step=120 loss=0.5666 acc=0.7828
[2026-02-25 18:24:31] [dummy_scienceqa/liquid_real_train] epoch=3 step=140 loss=0.5785 acc=0.7790
[2026-02-25 18:24:35] [dummy_scienceqa/liquid_real_train] epoch=3 step=160 loss=0.5671 acc=0.7812
[2026-02-25 18:24:38] [dummy_scienceqa/liquid_real_train] epoch=3 step=180 loss=0.5807 acc=0.7799
[2026-02-25 18:24:40] [dummy_scienceqa/liquid_real_train] epoch=3 step=200 loss=0.5819 acc=0.7794
[2026-02-25 18:24:43] [dummy_scienceqa/liquid_real_train] epoch=3 step=220 loss=0.5714 acc=0.7807
[2026-02-25 18:24:46] [dummy_scienceqa/liquid_real_train] epoch=3 step=240 loss=0.5706 acc=0.7802
[2026-02-25 18:24:50] [dummy_scienceqa/liquid_real_train] epoch=3 step=260 loss=0.5709 acc=0.7784
[2026-02-25 18:24:53] [dummy_scienceqa/liquid_real_train] epoch=3 step=280 loss=0.5756 acc=0.7763
[2026-02-25 18:24:56] [dummy_scienceqa/liquid_real_train] epoch=3 step=300 loss=0.5732 acc=0.7781
[2026-02-25 18:24:58] [dummy_scienceqa/liquid_real_train] epoch=3 step=320 loss=0.5697 acc=0.7791
[2026-02-25 18:25:01] [dummy_scienceqa/liquid_real_train] epoch=3 step=340 loss=0.5730 acc=0.7778
[2026-02-25 18:25:04] [dummy_scienceqa/liquid_real_train] epoch=3 step=360 loss=0.5696 acc=0.7792
[2026-02-25 18:25:07] [dummy_scienceqa/liquid_real_train] epoch=3 step=380 loss=0.5668 acc=0.7789
[2026-02-25 18:25:10] [dummy_scienceqa/liquid_real_train] epoch=3 step=400 loss=0.5730 acc=0.7788
[2026-02-25 18:25:13] [dummy_scienceqa/liquid_real_train] epoch=3 step=420 loss=0.5744 acc=0.7787
[2026-02-25 18:25:17] [dummy_scienceqa/liquid_real_train] epoch=3 step=440 loss=0.5723 acc=0.7793
[2026-02-25 18:25:19] [dummy_scienceqa/liquid_real_train] epoch=3 step=460 loss=0.5680 acc=0.7806
[2026-02-25 18:25:22] [dummy_scienceqa/liquid_real_train] epoch=3 step=480 loss=0.5675 acc=0.7806
[2026-02-25 18:25:25] [dummy_scienceqa/liquid_real_train] epoch=3 step=500 loss=0.5681 acc=0.7808
[2026-02-25 18:25:28] [dummy_scienceqa/liquid_real_train] epoch=3 step=520 loss=0.5658 acc=0.7802
[2026-02-25 18:25:31] [dummy_scienceqa/liquid_real_train] epoch=3 step=540 loss=0.5659 acc=0.7795
[2026-02-25 18:25:34] [dummy_scienceqa/liquid_real_train] epoch=3 step=560 loss=0.5678 acc=0.7798
[2026-02-25 18:25:37] [dummy_scienceqa/liquid_real_train] epoch=3 step=580 loss=0.5718 acc=0.7781
[2026-02-25 18:25:40] [dummy_scienceqa/liquid_real_train] epoch=3 step=600 loss=0.5702 acc=0.7778
[2026-02-25 18:25:43] [dummy_scienceqa/liquid_real_train] epoch=3 step=620 loss=0.5682 acc=0.7766
[2026-02-25 18:25:46] [dummy_scienceqa/liquid_real_train] epoch=3 step=640 loss=0.5683 acc=0.7759
[2026-02-25 18:25:49] [dummy_scienceqa/liquid_real_train] epoch=3 step=660 loss=0.5679 acc=0.7760
[2026-02-25 18:25:52] [dummy_scienceqa/liquid_real_train] epoch=3 step=680 loss=0.5669 acc=0.7756
[2026-02-25 18:25:55] [dummy_scienceqa/liquid_real_train] epoch=3 step=700 loss=0.5666 acc=0.7761
[2026-02-25 18:25:58] [dummy_scienceqa/liquid_real_train] epoch=3 step=720 loss=0.5663 acc=0.7756
[2026-02-25 18:26:01] [dummy_scienceqa/liquid_real_train] epoch=3 step=740 loss=0.5616 acc=0.7770
[2026-02-25 18:26:04] [dummy_scienceqa/liquid_real_train] epoch=3 step=760 loss=0.5594 acc=0.7780
[2026-02-25 18:26:07] [dummy_scienceqa/liquid_real_train] epoch=3 step=780 loss=0.5609 acc=0.7779
[2026-02-25 18:26:45] [dummy_scienceqa/liquid_real_train] epoch=4 step=20 loss=0.4579 acc=0.8187
[2026-02-25 18:26:48] [dummy_scienceqa/liquid_real_train] epoch=4 step=40 loss=0.4050 acc=0.8422
[2026-02-25 18:26:52] [dummy_scienceqa/liquid_real_train] epoch=4 step=60 loss=0.4067 acc=0.8375
[2026-02-25 18:26:55] [dummy_scienceqa/liquid_real_train] epoch=4 step=80 loss=0.4314 acc=0.8367
[2026-02-25 18:26:58] [dummy_scienceqa/liquid_real_train] epoch=4 step=100 loss=0.4290 acc=0.8363
[2026-02-25 18:27:00] [dummy_scienceqa/liquid_real_train] epoch=4 step=120 loss=0.4251 acc=0.8349
[2026-02-25 18:27:04] [dummy_scienceqa/liquid_real_train] epoch=4 step=140 loss=0.4316 acc=0.8304
[2026-02-25 18:27:06] [dummy_scienceqa/liquid_real_train] epoch=4 step=160 loss=0.4316 acc=0.8293
[2026-02-25 18:27:09] [dummy_scienceqa/liquid_real_train] epoch=4 step=180 loss=0.4442 acc=0.8274
[2026-02-25 18:27:13] [dummy_scienceqa/liquid_real_train] epoch=4 step=200 loss=0.4322 acc=0.8309
[2026-02-25 18:27:16] [dummy_scienceqa/liquid_real_train] epoch=4 step=220 loss=0.4451 acc=0.8256
[2026-02-25 18:27:19] [dummy_scienceqa/liquid_real_train] epoch=4 step=240 loss=0.4404 acc=0.8268
[2026-02-25 18:27:22] [dummy_scienceqa/liquid_real_train] epoch=4 step=260 loss=0.4441 acc=0.8262
[2026-02-25 18:27:25] [dummy_scienceqa/liquid_real_train] epoch=4 step=280 loss=0.4500 acc=0.8257
[2026-02-25 18:27:28] [dummy_scienceqa/liquid_real_train] epoch=4 step=300 loss=0.4483 acc=0.8267
[2026-02-25 18:27:31] [dummy_scienceqa/liquid_real_train] epoch=4 step=320 loss=0.4447 acc=0.8273
[2026-02-25 18:27:35] [dummy_scienceqa/liquid_real_train] epoch=4 step=340 loss=0.4431 acc=0.8290
[2026-02-25 18:27:38] [dummy_scienceqa/liquid_real_train] epoch=4 step=360 loss=0.4407 acc=0.8292
[2026-02-25 18:27:41] [dummy_scienceqa/liquid_real_train] epoch=4 step=380 loss=0.4463 acc=0.8263
[2026-02-25 18:27:44] [dummy_scienceqa/liquid_real_train] epoch=4 step=400 loss=0.4448 acc=0.8267
[2026-02-25 18:27:47] [dummy_scienceqa/liquid_real_train] epoch=4 step=420 loss=0.4453 acc=0.8274
[2026-02-25 18:27:50] [dummy_scienceqa/liquid_real_train] epoch=4 step=440 loss=0.4453 acc=0.8284
[2026-02-25 18:27:52] [dummy_scienceqa/liquid_real_train] epoch=4 step=460 loss=0.4413 acc=0.8291
[2026-02-25 18:27:55] [dummy_scienceqa/liquid_real_train] epoch=4 step=480 loss=0.4464 acc=0.8268
[2026-02-25 18:27:58] [dummy_scienceqa/liquid_real_train] epoch=4 step=500 loss=0.4470 acc=0.8269
[2026-02-25 18:28:01] [dummy_scienceqa/liquid_real_train] epoch=4 step=520 loss=0.4467 acc=0.8263
[2026-02-25 18:28:04] [dummy_scienceqa/liquid_real_train] epoch=4 step=540 loss=0.4479 acc=0.8264
[2026-02-25 18:28:08] [dummy_scienceqa/liquid_real_train] epoch=4 step=560 loss=0.4521 acc=0.8248
[2026-02-25 18:28:11] [dummy_scienceqa/liquid_real_train] epoch=4 step=580 loss=0.4497 acc=0.8255
[2026-02-25 18:28:14] [dummy_scienceqa/liquid_real_train] epoch=4 step=600 loss=0.4494 acc=0.8255
[2026-02-25 18:28:17] [dummy_scienceqa/liquid_real_train] epoch=4 step=620 loss=0.4502 acc=0.8252
[2026-02-25 18:28:20] [dummy_scienceqa/liquid_real_train] epoch=4 step=640 loss=0.4505 acc=0.8251
[2026-02-25 18:28:23] [dummy_scienceqa/liquid_real_train] epoch=4 step=660 loss=0.4475 acc=0.8252
[2026-02-25 18:28:26] [dummy_scienceqa/liquid_real_train] epoch=4 step=680 loss=0.4472 acc=0.8255
[2026-02-25 18:28:29] [dummy_scienceqa/liquid_real_train] epoch=4 step=700 loss=0.4480 acc=0.8257
[2026-02-25 18:28:31] [dummy_scienceqa/liquid_real_train] epoch=4 step=720 loss=0.4492 acc=0.8254
[2026-02-25 18:28:34] [dummy_scienceqa/liquid_real_train] epoch=4 step=740 loss=0.4494 acc=0.8251
[2026-02-25 18:28:37] [dummy_scienceqa/liquid_real_train] epoch=4 step=760 loss=0.4497 acc=0.8257
[2026-02-25 18:28:40] [dummy_scienceqa/liquid_real_train] epoch=4 step=780 loss=0.4477 acc=0.8262
[2026-02-25 18:29:18] [dummy_scienceqa/liquid_real_train] epoch=5 step=20 loss=0.3041 acc=0.8844
[2026-02-25 18:29:21] [dummy_scienceqa/liquid_real_train] epoch=5 step=40 loss=0.3088 acc=0.8766
[2026-02-25 18:29:24] [dummy_scienceqa/liquid_real_train] epoch=5 step=60 loss=0.3237 acc=0.8750
[2026-02-25 18:29:27] [dummy_scienceqa/liquid_real_train] epoch=5 step=80 loss=0.3379 acc=0.8719
[2026-02-25 18:29:30] [dummy_scienceqa/liquid_real_train] epoch=5 step=100 loss=0.3335 acc=0.8712
[2026-02-25 18:29:33] [dummy_scienceqa/liquid_real_train] epoch=5 step=120 loss=0.3449 acc=0.8698
[2026-02-25 18:29:36] [dummy_scienceqa/liquid_real_train] epoch=5 step=140 loss=0.3467 acc=0.8683
[2026-02-25 18:29:39] [dummy_scienceqa/liquid_real_train] epoch=5 step=160 loss=0.3433 acc=0.8660
[2026-02-25 18:29:42] [dummy_scienceqa/liquid_real_train] epoch=5 step=180 loss=0.3529 acc=0.8639
[2026-02-25 18:29:45] [dummy_scienceqa/liquid_real_train] epoch=5 step=200 loss=0.3512 acc=0.8638
[2026-02-25 18:29:48] [dummy_scienceqa/liquid_real_train] epoch=5 step=220 loss=0.3483 acc=0.8648
[2026-02-25 18:29:52] [dummy_scienceqa/liquid_real_train] epoch=5 step=240 loss=0.3446 acc=0.8641
[2026-02-25 18:29:54] [dummy_scienceqa/liquid_real_train] epoch=5 step=260 loss=0.3437 acc=0.8632
[2026-02-25 18:29:57] [dummy_scienceqa/liquid_real_train] epoch=5 step=280 loss=0.3427 acc=0.8636
[2026-02-25 18:30:00] [dummy_scienceqa/liquid_real_train] epoch=5 step=300 loss=0.3414 acc=0.8631
[2026-02-25 18:30:03] [dummy_scienceqa/liquid_real_train] epoch=5 step=320 loss=0.3434 acc=0.8625
[2026-02-25 18:30:06] [dummy_scienceqa/liquid_real_train] epoch=5 step=340 loss=0.3437 acc=0.8632
[2026-02-25 18:30:09] [dummy_scienceqa/liquid_real_train] epoch=5 step=360 loss=0.3473 acc=0.8620
[2026-02-25 18:30:12] [dummy_scienceqa/liquid_real_train] epoch=5 step=380 loss=0.3494 acc=0.8612
[2026-02-25 18:30:15] [dummy_scienceqa/liquid_real_train] epoch=5 step=400 loss=0.3543 acc=0.8619
[2026-02-25 18:30:18] [dummy_scienceqa/liquid_real_train] epoch=5 step=420 loss=0.3553 acc=0.8619
[2026-02-25 18:30:21] [dummy_scienceqa/liquid_real_train] epoch=5 step=440 loss=0.3529 acc=0.8622
[2026-02-25 18:30:23] [dummy_scienceqa/liquid_real_train] epoch=5 step=460 loss=0.3552 acc=0.8617
[2026-02-25 18:30:27] [dummy_scienceqa/liquid_real_train] epoch=5 step=480 loss=0.3536 acc=0.8625
[2026-02-25 18:30:30] [dummy_scienceqa/liquid_real_train] epoch=5 step=500 loss=0.3496 acc=0.8635
[2026-02-25 18:30:33] [dummy_scienceqa/liquid_real_train] epoch=5 step=520 loss=0.3520 acc=0.8629
[2026-02-25 18:30:36] [dummy_scienceqa/liquid_real_train] epoch=5 step=540 loss=0.3532 acc=0.8626
[2026-02-25 18:30:39] [dummy_scienceqa/liquid_real_train] epoch=5 step=560 loss=0.3523 acc=0.8627
[2026-02-25 18:30:42] [dummy_scienceqa/liquid_real_train] epoch=5 step=580 loss=0.3516 acc=0.8623
[2026-02-25 18:30:45] [dummy_scienceqa/liquid_real_train] epoch=5 step=600 loss=0.3485 acc=0.8625
[2026-02-25 18:30:49] [dummy_scienceqa/liquid_real_train] epoch=5 step=620 loss=0.3491 acc=0.8618
[2026-02-25 18:30:52] [dummy_scienceqa/liquid_real_train] epoch=5 step=640 loss=0.3488 acc=0.8613
[2026-02-25 18:30:55] [dummy_scienceqa/liquid_real_train] epoch=5 step=660 loss=0.3506 acc=0.8602
[2026-02-25 18:30:58] [dummy_scienceqa/liquid_real_train] epoch=5 step=680 loss=0.3528 acc=0.8604
[2026-02-25 18:31:00] [dummy_scienceqa/liquid_real_train] epoch=5 step=700 loss=0.3537 acc=0.8592
[2026-02-25 18:31:04] [dummy_scienceqa/liquid_real_train] epoch=5 step=720 loss=0.3539 acc=0.8582
[2026-02-25 18:31:06] [dummy_scienceqa/liquid_real_train] epoch=5 step=740 loss=0.3547 acc=0.8583
[2026-02-25 18:31:10] [dummy_scienceqa/liquid_real_train] epoch=5 step=760 loss=0.3533 acc=0.8582
[2026-02-25 18:31:13] [dummy_scienceqa/liquid_real_train] epoch=5 step=780 loss=0.3533 acc=0.8583
Loading data from parquet files: ['/root/autodl-tmp/project/data/raw/scienceqa_full/data/test-full.parquet']
Loading data from parquet files: ['/root/autodl-tmp/project/data/raw/scienceqa_full/data/test-full.parquet']
{'dataset': 'dummy_scienceqa', 'experiment': 'liquid_real_train', 'seed': 3407, 'run_dir': 'outputs/runs/dummy_scienceqa/liquid_real_train/seed_3407', 'best_val_accuracy': 0.7210563546333412, 'test_accuracy': 0.7210563546333412, 'avg_steps': 1.0}
