/root/miniconda3/lib/python3.12/site-packages/huggingface_hub/file_download.py:949: FutureWarning: `resume_download` is deprecated and will be removed in version 1.0.0. Downloads always resume when possible. If you want to force a new download, use `force_download=True`.
  warnings.warn(
Loading data from parquet files: ['/root/autodl-tmp/project/data/raw/scienceqa/data/train-00000-of-00001-1028f23e353fbe3e.parquet']
Loading data from parquet files: ['/root/autodl-tmp/project/data/raw/scienceqa/data/test-00000-of-00001-f0e719df791966ff.parquet']
Loading data from parquet files: ['/root/autodl-tmp/project/data/raw/scienceqa/data/test-00000-of-00001-f0e719df791966ff.parquet']
[2026-02-25 15:55:19] Running dummy_scienceqa/liquid_final_run on device=cpu
[2026-02-25 15:55:25] [dummy_scienceqa/liquid_final_run] epoch=1 step=20 loss=0.9690 acc=0.3875
[2026-02-25 15:55:33] [dummy_scienceqa/liquid_final_run] epoch=1 step=40 loss=0.9576 acc=0.4266
[2026-02-25 15:55:42] [dummy_scienceqa/liquid_final_run] epoch=1 step=60 loss=0.9579 acc=0.3948
[2026-02-25 15:55:51] [dummy_scienceqa/liquid_final_run] epoch=1 step=80 loss=0.9606 acc=0.3906
[2026-02-25 15:56:02] [dummy_scienceqa/liquid_final_run] epoch=1 step=100 loss=0.9588 acc=0.3956
[2026-02-25 15:56:12] [dummy_scienceqa/liquid_final_run] epoch=1 step=120 loss=0.9551 acc=0.3979
[2026-02-25 15:56:22] [dummy_scienceqa/liquid_final_run] epoch=1 step=140 loss=0.9564 acc=0.3973
[2026-02-25 15:56:33] [dummy_scienceqa/liquid_final_run] epoch=1 step=160 loss=0.9560 acc=0.3922
[2026-02-25 15:56:44] [dummy_scienceqa/liquid_final_run] epoch=1 step=180 loss=0.9563 acc=0.3948
[2026-02-25 15:56:56] [dummy_scienceqa/liquid_final_run] epoch=1 step=200 loss=0.9566 acc=0.3984
[2026-02-25 15:57:08] [dummy_scienceqa/liquid_final_run] epoch=1 step=220 loss=0.9562 acc=0.4037
[2026-02-25 15:57:20] [dummy_scienceqa/liquid_final_run] epoch=1 step=240 loss=0.9567 acc=0.4016
[2026-02-25 15:57:33] [dummy_scienceqa/liquid_final_run] epoch=1 step=260 loss=0.9573 acc=0.4031
[2026-02-25 15:57:45] [dummy_scienceqa/liquid_final_run] epoch=1 step=280 loss=0.9564 acc=0.4013
[2026-02-25 15:57:59] [dummy_scienceqa/liquid_final_run] epoch=1 step=300 loss=0.9575 acc=0.3992
[2026-02-25 15:58:11] [dummy_scienceqa/liquid_final_run] epoch=1 step=320 loss=0.9589 acc=0.3975
[2026-02-25 15:58:24] [dummy_scienceqa/liquid_final_run] epoch=1 step=340 loss=0.9584 acc=0.3974
[2026-02-25 15:58:35] [dummy_scienceqa/liquid_final_run] epoch=1 step=360 loss=0.9586 acc=0.3967
[2026-02-25 15:58:45] [dummy_scienceqa/liquid_final_run] epoch=1 step=380 loss=0.9597 acc=0.3944
[2026-02-25 15:58:55] [dummy_scienceqa/liquid_final_run] epoch=1 step=400 loss=0.9603 acc=0.3933
[2026-02-25 15:59:04] [dummy_scienceqa/liquid_final_run] epoch=1 step=420 loss=0.9601 acc=0.3909
[2026-02-25 15:59:11] [dummy_scienceqa/liquid_final_run] epoch=1 step=440 loss=0.9597 acc=0.3926
[2026-02-25 15:59:19] [dummy_scienceqa/liquid_final_run] epoch=1 step=460 loss=0.9593 acc=0.3948
[2026-02-25 15:59:26] [dummy_scienceqa/liquid_final_run] epoch=1 step=480 loss=0.9581 acc=0.3965
[2026-02-25 15:59:33] [dummy_scienceqa/liquid_final_run] epoch=1 step=500 loss=0.9574 acc=0.3980
[2026-02-25 15:59:39] [dummy_scienceqa/liquid_final_run] epoch=1 step=520 loss=0.9585 acc=0.3963
[2026-02-25 15:59:46] [dummy_scienceqa/liquid_final_run] epoch=1 step=540 loss=0.9591 acc=0.3961
[2026-02-25 15:59:51] [dummy_scienceqa/liquid_final_run] epoch=1 step=560 loss=0.9584 acc=0.3964
[2026-02-25 15:59:56] [dummy_scienceqa/liquid_final_run] epoch=1 step=580 loss=0.9589 acc=0.3980
[2026-02-25 16:00:01] [dummy_scienceqa/liquid_final_run] epoch=1 step=600 loss=0.9587 acc=0.3976
[2026-02-25 16:00:06] [dummy_scienceqa/liquid_final_run] epoch=1 step=620 loss=0.9587 acc=0.3991
[2026-02-25 16:00:11] [dummy_scienceqa/liquid_final_run] epoch=1 step=640 loss=0.9585 acc=0.4001
[2026-02-25 16:00:15] [dummy_scienceqa/liquid_final_run] epoch=1 step=660 loss=0.9587 acc=0.3988
[2026-02-25 16:00:19] [dummy_scienceqa/liquid_final_run] epoch=1 step=680 loss=0.9589 acc=0.3983
[2026-02-25 16:00:23] [dummy_scienceqa/liquid_final_run] epoch=1 step=700 loss=0.9590 acc=0.3980
[2026-02-25 16:00:28] [dummy_scienceqa/liquid_final_run] epoch=1 step=720 loss=0.9587 acc=0.3977
[2026-02-25 16:00:33] [dummy_scienceqa/liquid_final_run] epoch=1 step=740 loss=0.9595 acc=0.3971
[2026-02-25 16:00:37] [dummy_scienceqa/liquid_final_run] epoch=1 step=760 loss=0.9593 acc=0.3980
[2026-02-25 16:00:42] [dummy_scienceqa/liquid_final_run] epoch=1 step=780 loss=0.9589 acc=0.3977
[2026-02-25 16:01:24] [dummy_scienceqa/liquid_final_run] epoch=2 step=20 loss=0.9540 acc=0.4031
[2026-02-25 16:01:29] [dummy_scienceqa/liquid_final_run] epoch=2 step=40 loss=0.9618 acc=0.4234
[2026-02-25 16:01:34] [dummy_scienceqa/liquid_final_run] epoch=2 step=60 loss=0.9683 acc=0.4281
[2026-02-25 16:01:38] [dummy_scienceqa/liquid_final_run] epoch=2 step=80 loss=0.9717 acc=0.4188
[2026-02-25 16:01:43] [dummy_scienceqa/liquid_final_run] epoch=2 step=100 loss=0.9693 acc=0.4275
[2026-02-25 16:01:47] [dummy_scienceqa/liquid_final_run] epoch=2 step=120 loss=0.9627 acc=0.4203
[2026-02-25 16:01:51] [dummy_scienceqa/liquid_final_run] epoch=2 step=140 loss=0.9622 acc=0.4201
[2026-02-25 16:01:56] [dummy_scienceqa/liquid_final_run] epoch=2 step=160 loss=0.9613 acc=0.4215
[2026-02-25 16:02:02] [dummy_scienceqa/liquid_final_run] epoch=2 step=180 loss=0.9604 acc=0.4198
[2026-02-25 16:02:07] [dummy_scienceqa/liquid_final_run] epoch=2 step=200 loss=0.9615 acc=0.4159
[2026-02-25 16:02:12] [dummy_scienceqa/liquid_final_run] epoch=2 step=220 loss=0.9609 acc=0.4114
[2026-02-25 16:02:17] [dummy_scienceqa/liquid_final_run] epoch=2 step=240 loss=0.9626 acc=0.4109
[2026-02-25 16:02:21] [dummy_scienceqa/liquid_final_run] epoch=2 step=260 loss=0.9606 acc=0.4087
[2026-02-25 16:02:26] [dummy_scienceqa/liquid_final_run] epoch=2 step=280 loss=0.9604 acc=0.4092
[2026-02-25 16:02:30] [dummy_scienceqa/liquid_final_run] epoch=2 step=300 loss=0.9600 acc=0.4085
[2026-02-25 16:02:35] [dummy_scienceqa/liquid_final_run] epoch=2 step=320 loss=0.9603 acc=0.4076
[2026-02-25 16:02:40] [dummy_scienceqa/liquid_final_run] epoch=2 step=340 loss=0.9601 acc=0.4033
[2026-02-25 16:02:45] [dummy_scienceqa/liquid_final_run] epoch=2 step=360 loss=0.9596 acc=0.4042
[2026-02-25 16:02:50] [dummy_scienceqa/liquid_final_run] epoch=2 step=380 loss=0.9594 acc=0.4071
[2026-02-25 16:02:54] [dummy_scienceqa/liquid_final_run] epoch=2 step=400 loss=0.9586 acc=0.4083
[2026-02-25 16:02:59] [dummy_scienceqa/liquid_final_run] epoch=2 step=420 loss=0.9585 acc=0.4079
[2026-02-25 16:03:03] [dummy_scienceqa/liquid_final_run] epoch=2 step=440 loss=0.9572 acc=0.4087
[2026-02-25 16:03:08] [dummy_scienceqa/liquid_final_run] epoch=2 step=460 loss=0.9578 acc=0.4075
[2026-02-25 16:03:13] [dummy_scienceqa/liquid_final_run] epoch=2 step=480 loss=0.9583 acc=0.4055
[2026-02-25 16:03:18] [dummy_scienceqa/liquid_final_run] epoch=2 step=500 loss=0.9579 acc=0.4066
[2026-02-25 16:03:22] [dummy_scienceqa/liquid_final_run] epoch=2 step=520 loss=0.9579 acc=0.4062
[2026-02-25 16:03:26] [dummy_scienceqa/liquid_final_run] epoch=2 step=540 loss=0.9576 acc=0.4042
[2026-02-25 16:03:30] [dummy_scienceqa/liquid_final_run] epoch=2 step=560 loss=0.9569 acc=0.4036
[2026-02-25 16:03:35] [dummy_scienceqa/liquid_final_run] epoch=2 step=580 loss=0.9564 acc=0.4029
[2026-02-25 16:03:39] [dummy_scienceqa/liquid_final_run] epoch=2 step=600 loss=0.9581 acc=0.4018
[2026-02-25 16:03:44] [dummy_scienceqa/liquid_final_run] epoch=2 step=620 loss=0.9569 acc=0.4013
[2026-02-25 16:03:48] [dummy_scienceqa/liquid_final_run] epoch=2 step=640 loss=0.9574 acc=0.4019
[2026-02-25 16:03:53] [dummy_scienceqa/liquid_final_run] epoch=2 step=660 loss=0.9572 acc=0.4011
[2026-02-25 16:03:58] [dummy_scienceqa/liquid_final_run] epoch=2 step=680 loss=0.9579 acc=0.4004
[2026-02-25 16:04:02] [dummy_scienceqa/liquid_final_run] epoch=2 step=700 loss=0.9574 acc=0.4014
[2026-02-25 16:04:07] [dummy_scienceqa/liquid_final_run] epoch=2 step=720 loss=0.9577 acc=0.4010
[2026-02-25 16:04:12] [dummy_scienceqa/liquid_final_run] epoch=2 step=740 loss=0.9580 acc=0.4001
[2026-02-25 16:04:16] [dummy_scienceqa/liquid_final_run] epoch=2 step=760 loss=0.9574 acc=0.4015
[2026-02-25 16:04:21] [dummy_scienceqa/liquid_final_run] epoch=2 step=780 loss=0.9586 acc=0.4014
[2026-02-25 16:05:04] [dummy_scienceqa/liquid_final_run] epoch=3 step=20 loss=0.9580 acc=0.3625
[2026-02-25 16:05:08] [dummy_scienceqa/liquid_final_run] epoch=3 step=40 loss=0.9592 acc=0.4203
[2026-02-25 16:05:13] [dummy_scienceqa/liquid_final_run] epoch=3 step=60 loss=0.9516 acc=0.4083
[2026-02-25 16:05:17] [dummy_scienceqa/liquid_final_run] epoch=3 step=80 loss=0.9537 acc=0.4078
[2026-02-25 16:05:22] [dummy_scienceqa/liquid_final_run] epoch=3 step=100 loss=0.9557 acc=0.3944
[2026-02-25 16:05:26] [dummy_scienceqa/liquid_final_run] epoch=3 step=120 loss=0.9530 acc=0.3974
[2026-02-25 16:05:31] [dummy_scienceqa/liquid_final_run] epoch=3 step=140 loss=0.9535 acc=0.3933
[2026-02-25 16:05:35] [dummy_scienceqa/liquid_final_run] epoch=3 step=160 loss=0.9551 acc=0.3996
[2026-02-25 16:05:40] [dummy_scienceqa/liquid_final_run] epoch=3 step=180 loss=0.9573 acc=0.3941
[2026-02-25 16:05:45] [dummy_scienceqa/liquid_final_run] epoch=3 step=200 loss=0.9567 acc=0.3934
[2026-02-25 16:05:50] [dummy_scienceqa/liquid_final_run] epoch=3 step=220 loss=0.9557 acc=0.3966
[2026-02-25 16:05:54] [dummy_scienceqa/liquid_final_run] epoch=3 step=240 loss=0.9554 acc=0.3974
[2026-02-25 16:05:59] [dummy_scienceqa/liquid_final_run] epoch=3 step=260 loss=0.9565 acc=0.3930
[2026-02-25 16:06:03] [dummy_scienceqa/liquid_final_run] epoch=3 step=280 loss=0.9565 acc=0.3915
[2026-02-25 16:06:08] [dummy_scienceqa/liquid_final_run] epoch=3 step=300 loss=0.9573 acc=0.3910
[2026-02-25 16:06:13] [dummy_scienceqa/liquid_final_run] epoch=3 step=320 loss=0.9594 acc=0.3924
[2026-02-25 16:06:17] [dummy_scienceqa/liquid_final_run] epoch=3 step=340 loss=0.9594 acc=0.3919
[2026-02-25 16:06:22] [dummy_scienceqa/liquid_final_run] epoch=3 step=360 loss=0.9605 acc=0.3920
[2026-02-25 16:06:27] [dummy_scienceqa/liquid_final_run] epoch=3 step=380 loss=0.9590 acc=0.3926
[2026-02-25 16:06:32] [dummy_scienceqa/liquid_final_run] epoch=3 step=400 loss=0.9591 acc=0.3966
[2026-02-25 16:06:37] [dummy_scienceqa/liquid_final_run] epoch=3 step=420 loss=0.9592 acc=0.3963
[2026-02-25 16:06:41] [dummy_scienceqa/liquid_final_run] epoch=3 step=440 loss=0.9582 acc=0.3973
[2026-02-25 16:06:46] [dummy_scienceqa/liquid_final_run] epoch=3 step=460 loss=0.9584 acc=0.3993
[2026-02-25 16:06:51] [dummy_scienceqa/liquid_final_run] epoch=3 step=480 loss=0.9580 acc=0.4007
[2026-02-25 16:06:56] [dummy_scienceqa/liquid_final_run] epoch=3 step=500 loss=0.9583 acc=0.3999
[2026-02-25 16:07:01] [dummy_scienceqa/liquid_final_run] epoch=3 step=520 loss=0.9587 acc=0.3981
[2026-02-25 16:07:05] [dummy_scienceqa/liquid_final_run] epoch=3 step=540 loss=0.9589 acc=0.3981
[2026-02-25 16:07:11] [dummy_scienceqa/liquid_final_run] epoch=3 step=560 loss=0.9593 acc=0.3981
[2026-02-25 16:07:15] [dummy_scienceqa/liquid_final_run] epoch=3 step=580 loss=0.9592 acc=0.3968
[2026-02-25 16:07:19] [dummy_scienceqa/liquid_final_run] epoch=3 step=600 loss=0.9595 acc=0.3976
[2026-02-25 16:07:26] [dummy_scienceqa/liquid_final_run] epoch=3 step=620 loss=0.9600 acc=0.3985
[2026-02-25 16:07:31] [dummy_scienceqa/liquid_final_run] epoch=3 step=640 loss=0.9597 acc=0.3986
[2026-02-25 16:07:37] [dummy_scienceqa/liquid_final_run] epoch=3 step=660 loss=0.9605 acc=0.3981
[2026-02-25 16:07:44] [dummy_scienceqa/liquid_final_run] epoch=3 step=680 loss=0.9606 acc=0.3979
[2026-02-25 16:07:51] [dummy_scienceqa/liquid_final_run] epoch=3 step=700 loss=0.9603 acc=0.3990
[2026-02-25 16:07:57] [dummy_scienceqa/liquid_final_run] epoch=3 step=720 loss=0.9612 acc=0.4000
[2026-02-25 16:08:01] [dummy_scienceqa/liquid_final_run] epoch=3 step=740 loss=0.9611 acc=0.3992
[2026-02-25 16:08:07] [dummy_scienceqa/liquid_final_run] epoch=3 step=760 loss=0.9610 acc=0.3991
[2026-02-25 16:08:13] [dummy_scienceqa/liquid_final_run] epoch=3 step=780 loss=0.9610 acc=0.3985
Loading data from parquet files: ['/root/autodl-tmp/project/data/raw/scienceqa/data/test-00000-of-00001-f0e719df791966ff.parquet']
Loading data from parquet files: ['/root/autodl-tmp/project/data/raw/scienceqa/data/test-00000-of-00001-f0e719df791966ff.parquet']
{'dataset': 'dummy_scienceqa', 'experiment': 'liquid_final_run', 'seed': 3407, 'run_dir': 'outputs/runs/dummy_scienceqa/liquid_final_run/seed_3407', 'best_val_accuracy': 0.4006130629568498, 'test_accuracy': 0.3999056826220231, 'avg_steps': 1.0}
